<?xml version="1.0" encoding="UTF-8"?>
<!-- Generated by org.testng.reporters.JUnitReportReporter -->
<testsuite hostname="LAPTOP-RU2RBA5V" failures="0" tests="4" name="cucumberoptions.TestNGRunner" time="0.273" errors="0" timestamp="2024-02-11T15:25:05 IST" skipped="0">
  <testcase classname="cucumberoptions.TestNGRunner" name="runScenario" time="0.020"/>
  <testcase classname="cucumberoptions.TestNGRunner" name="runScenario" time="0.024"/>
  <testcase classname="cucumberoptions.TestNGRunner" name="runScenario" time="0.018"/>
  <testcase classname="cucumberoptions.TestNGRunner" name="runScenario" time="0.211"/>
</testsuite> <!-- cucumberoptions.TestNGRunner -->
