<?xml version="1.0" encoding="UTF-8"?>
<!-- Generated by org.testng.reporters.JUnitReportReporter -->
<testsuite hostname="LAPTOP-RU2RBA5V" failures="0" tests="7" name="cucumberoptions.TestNGRunner" time="0.268" errors="0" timestamp="2024-02-11T22:21:02 IST" skipped="0">
  <testcase classname="cucumberoptions.TestNGRunner" name="runScenario" time="0.016"/>
  <testcase classname="cucumberoptions.TestNGRunner" name="runScenario" time="0.016"/>
  <testcase classname="cucumberoptions.TestNGRunner" name="runScenario" time="0.021"/>
  <testcase classname="cucumberoptions.TestNGRunner" name="runScenario" time="0.021"/>
  <testcase classname="cucumberoptions.TestNGRunner" name="runScenario" time="0.019"/>
  <testcase classname="cucumberoptions.TestNGRunner" name="runScenario" time="0.011"/>
  <testcase classname="cucumberoptions.TestNGRunner" name="runScenario" time="0.164"/>
</testsuite> <!-- cucumberoptions.TestNGRunner -->
