<?xml version="1.0" encoding="UTF-8"?>
<!-- Generated by org.testng.reporters.JUnitReportReporter -->
<testsuite hostname="LAPTOP-RU2RBA5V" failures="0" tests="10" name="cucumberoptions.TestNGRunner" time="0.377" errors="0" timestamp="2024-02-11T23:45:52 IST" skipped="0">
  <testcase classname="cucumberoptions.TestNGRunner" name="runScenario" time="0.015"/>
  <testcase classname="cucumberoptions.TestNGRunner" name="runScenario" time="0.013"/>
  <testcase classname="cucumberoptions.TestNGRunner" name="runScenario" time="0.024"/>
  <testcase classname="cucumberoptions.TestNGRunner" name="runScenario" time="0.028"/>
  <testcase classname="cucumberoptions.TestNGRunner" name="runScenario" time="0.023"/>
  <testcase classname="cucumberoptions.TestNGRunner" name="runScenario" time="0.209"/>
  <testcase classname="cucumberoptions.TestNGRunner" name="runScenario" time="0.012"/>
  <testcase classname="cucumberoptions.TestNGRunner" name="runScenario" time="0.010"/>
  <testcase classname="cucumberoptions.TestNGRunner" name="runScenario" time="0.033"/>
  <testcase classname="cucumberoptions.TestNGRunner" name="runScenario" time="0.010"/>
</testsuite> <!-- cucumberoptions.TestNGRunner -->
