<?xml version="1.0" encoding="UTF-8"?>
<!-- Generated by org.testng.reporters.JUnitReportReporter -->
<testsuite hostname="LAPTOP-RU2RBA5V" failures="0" tests="2" name="cucumberoptions.TestNGRunner" time="0.202" errors="0" timestamp="2024-02-11T08:14:55 IST" skipped="0">
  <testcase classname="cucumberoptions.TestNGRunner" name="runScenario" time="0.015"/>
  <testcase classname="cucumberoptions.TestNGRunner" name="runScenario" time="0.187"/>
</testsuite> <!-- cucumberoptions.TestNGRunner -->
