<?xml version="1.0" encoding="UTF-8"?>
<!-- Generated by org.testng.reporters.JUnitReportReporter -->
<testsuite hostname="LAPTOP-RU2RBA5V" failures="0" tests="6" name="cucumberoptions.TestNGRunner" time="0.246" errors="0" timestamp="2024-02-11T16:02:54 IST" skipped="0">
  <testcase classname="cucumberoptions.TestNGRunner" name="runScenario" time="0.018"/>
  <testcase classname="cucumberoptions.TestNGRunner" name="runScenario" time="0.171"/>
  <testcase classname="cucumberoptions.TestNGRunner" name="runScenario" time="0.017"/>
  <testcase classname="cucumberoptions.TestNGRunner" name="runScenario" time="0.014"/>
  <testcase classname="cucumberoptions.TestNGRunner" name="runScenario" time="0.012"/>
  <testcase classname="cucumberoptions.TestNGRunner" name="runScenario" time="0.014"/>
</testsuite> <!-- cucumberoptions.TestNGRunner -->
