<?xml version="1.0" encoding="UTF-8"?>
<!-- Generated by org.testng.reporters.JUnitReportReporter -->
<testsuite hostname="LAPTOP-RU2RBA5V" failures="0" tests="5" name="cucumberoptions.TestNGRunner" time="0.303" errors="0" timestamp="2024-02-11T23:14:08 IST" skipped="0">
  <testcase classname="cucumberoptions.TestNGRunner" name="runScenario" time="0.026"/>
  <testcase classname="cucumberoptions.TestNGRunner" name="runScenario" time="0.017"/>
  <testcase classname="cucumberoptions.TestNGRunner" name="runScenario" time="0.039"/>
  <testcase classname="cucumberoptions.TestNGRunner" name="runScenario" time="0.022"/>
  <testcase classname="cucumberoptions.TestNGRunner" name="runScenario" time="0.199"/>
</testsuite> <!-- cucumberoptions.TestNGRunner -->
