<?xml version="1.0" encoding="UTF-8"?>
<!-- Generated by org.testng.reporters.JUnitReportReporter -->
<testsuite hostname="LAPTOP-RU2RBA5V" failures="0" tests="10" name="cucumberoptions.TestNGRunner" time="0.405" errors="0" timestamp="2024-02-11T23:40:29 IST" skipped="0">
  <testcase classname="cucumberoptions.TestNGRunner" name="runScenario" time="0.022"/>
  <testcase classname="cucumberoptions.TestNGRunner" name="runScenario" time="0.026"/>
  <testcase classname="cucumberoptions.TestNGRunner" name="runScenario" time="0.035"/>
  <testcase classname="cucumberoptions.TestNGRunner" name="runScenario" time="0.013"/>
  <testcase classname="cucumberoptions.TestNGRunner" name="runScenario" time="0.019"/>
  <testcase classname="cucumberoptions.TestNGRunner" name="runScenario" time="0.013"/>
  <testcase classname="cucumberoptions.TestNGRunner" name="runScenario" time="0.226"/>
  <testcase classname="cucumberoptions.TestNGRunner" name="runScenario" time="0.024"/>
  <testcase classname="cucumberoptions.TestNGRunner" name="runScenario" time="0.007"/>
  <testcase classname="cucumberoptions.TestNGRunner" name="runScenario" time="0.020"/>
</testsuite> <!-- cucumberoptions.TestNGRunner -->
