<?xml version="1.0" encoding="UTF-8"?>
<!-- Generated by org.testng.reporters.JUnitReportReporter -->
<testsuite hostname="LAPTOP-RU2RBA5V" failures="0" tests="10" name="cucumberoptions.TestNGRunner" time="0.448" errors="0" timestamp="2024-02-12T12:50:51 IST" skipped="0">
  <testcase classname="cucumberoptions.TestNGRunner" name="runScenario" time="0.020"/>
  <testcase classname="cucumberoptions.TestNGRunner" name="runScenario" time="0.013"/>
  <testcase classname="cucumberoptions.TestNGRunner" name="runScenario" time="0.051"/>
  <testcase classname="cucumberoptions.TestNGRunner" name="runScenario" time="0.015"/>
  <testcase classname="cucumberoptions.TestNGRunner" name="runScenario" time="0.036"/>
  <testcase classname="cucumberoptions.TestNGRunner" name="runScenario" time="0.040"/>
  <testcase classname="cucumberoptions.TestNGRunner" name="runScenario" time="0.240"/>
  <testcase classname="cucumberoptions.TestNGRunner" name="runScenario" time="0.013"/>
  <testcase classname="cucumberoptions.TestNGRunner" name="runScenario" time="0.008"/>
  <testcase classname="cucumberoptions.TestNGRunner" name="runScenario" time="0.012"/>
</testsuite> <!-- cucumberoptions.TestNGRunner -->
